<?xml version="1.0" encoding="UTF-8"?>
<testsuite xmlns:xsi="http://www.w3.org/2001/XMLSchema-instance" xsi:noNamespaceSchemaLocation="https://maven.apache.org/surefire/maven-surefire-plugin/xsd/surefire-test-report-3.0.xsd" version="3.0" name="pe.edu.upc.prueba.PropiedadManagerTest" time="0.006" tests="2" errors="0" skipped="0" failures="0">
  <properties>
[...]
</properties>
  <testcase name="testPublicarPropiedadExitosa" classname="pe.edu.upc.prueba.PropiedadManagerTest" time="0.002"/>
  <testcase name="testPublicarPropiedadConInformacionIncompleta" classname="pe.edu.upc.prueba.PropiedadManagerTest" time="0.001"/>
</testsuite>